<?xml version="1.0" encoding="UTF-8"?>
<!-- Generated by org.testng.reporters.JUnitXMLReporter -->
<testsuite ignored="0" hostname="IN-5CG45268PT" failures="0" tests="5" name="Surefire test" time="6.962" errors="0" timestamp="2025-04-13T00:21:23 IST">
  <testcase classname="com.api.test.UserTests" name="testCreateUser" time="4.057"/>
  <testcase classname="com.api.test.UserTests" name="testGetUser" time="0.208"/>
  <testcase classname="com.api.test.UserTests" name="testGetSingleUser" time="0.164"/>
  <testcase classname="com.api.test.UserTests" name="testUpdateUser" time="0.411"/>
  <testcase classname="com.api.test.UserTests" name="testDeleteUser" time="0.378"/>
</testsuite> <!-- Surefire test -->
