<?xml version="1.0" encoding="UTF-8"?>
<!-- Generated by org.testng.reporters.JUnitXMLReporter -->
<testsuite ignored="0" hostname="IN-5CG45268PT" failures="0" tests="10" name="Default test" time="13.127" errors="0" timestamp="2025-04-14T14:36:31 IST">
  <testcase classname="com.api.test.UserTests" name="testGetUser" time="3.903"/>
  <testcase classname="com.api.test.UserTests" name="testGetSingleUser" time="0.225"/>
  <testcase classname="com.api.test.UserTests" name="testCreateUser" time="2.663"/>
  <testcase classname="com.api.test.UserTests" name="testUpdateUser" time="0.504"/>
  <testcase classname="com.api.test.UserTests" name="testDeleteUser" time="0.439"/>
  <testcase classname="com.api.test.UserTests" name="testRegisterSuccessful" time="0.551"/>
  <testcase classname="com.api.test.UserTests" name="testRegisterUnSuccessful" time="0.492"/>
  <testcase classname="com.api.test.UserTests" name="testLoginSuccessful" time="0.445"/>
  <testcase classname="com.api.test.UserTests" name="testLoginUnSuccessful" time="0.463"/>
  <testcase classname="com.api.test.UserTests" name="testDelayedResponse" time="2.445"/>
</testsuite> <!-- Default test -->
