<?xml version="1.0" encoding="UTF-8"?>
<!-- Generated by org.testng.reporters.JUnitXMLReporter -->
<testsuite ignored="0" hostname="IN-5CG45268PT" failures="0" tests="5" name="API_Test" time="7.215" errors="0" timestamp="2025-04-13T00:24:08 IST">
  <testcase classname="com.api.test.UserTests" name="testCreateUser" time="4.113"/>
  <testcase classname="com.api.test.UserTests" name="testGetUser" time="0.276"/>
  <testcase classname="com.api.test.UserTests" name="testGetSingleUser" time="0.169"/>
  <testcase classname="com.api.test.UserTests" name="testUpdateUser" time="0.393"/>
  <testcase classname="com.api.test.UserTests" name="testDeleteUser" time="0.402"/>
</testsuite> <!-- API_Test -->
