<?xml version="1.0" encoding="UTF-8"?>
<testng-results ignored="0" total="5" passed="5" failed="0" skipped="0">
  <reporter-output>
  </reporter-output>
  <suite started-at="2025-04-13T00:24:00 IST" name="API_Suite" finished-at="2025-04-13T00:24:07 IST" duration-ms="7215">
    <groups>
    </groups>
    <test started-at="2025-04-13T00:24:00 IST" name="API_Test" finished-at="2025-04-13T00:24:07 IST" duration-ms="7215">
      <class name="com.api.test.UserTests">
        <test-method is-config="true" signature="setupData()[pri:0, instance:com.api.test.UserTests@3e58a80e]" started-at="2025-04-13T00:24:00 IST" name="setupData" finished-at="2025-04-13T00:24:02 IST" duration-ms="1368" status="PASS">
          <reporter-output>
          </reporter-output>
        </test-method> <!-- setupData -->
        <test-method signature="testCreateUser()[pri:1, instance:com.api.test.UserTests@3e58a80e]" started-at="2025-04-13T00:24:02 IST" name="testCreateUser" finished-at="2025-04-13T00:24:06 IST" duration-ms="4113" status="PASS">
          <reporter-output>
          </reporter-output>
        </test-method> <!-- testCreateUser -->
        <test-method signature="testGetUser()[pri:2, instance:com.api.test.UserTests@3e58a80e]" started-at="2025-04-13T00:24:06 IST" name="testGetUser" finished-at="2025-04-13T00:24:06 IST" duration-ms="276" status="PASS">
          <reporter-output>
          </reporter-output>
        </test-method> <!-- testGetUser -->
        <test-method signature="testGetSingleUser()[pri:3, instance:com.api.test.UserTests@3e58a80e]" started-at="2025-04-13T00:24:06 IST" name="testGetSingleUser" finished-at="2025-04-13T00:24:06 IST" duration-ms="169" status="PASS">
          <reporter-output>
          </reporter-output>
        </test-method> <!-- testGetSingleUser -->
        <test-method signature="testUpdateUser()[pri:4, instance:com.api.test.UserTests@3e58a80e]" started-at="2025-04-13T00:24:06 IST" name="testUpdateUser" finished-at="2025-04-13T00:24:07 IST" duration-ms="393" status="PASS">
          <reporter-output>
          </reporter-output>
        </test-method> <!-- testUpdateUser -->
        <test-method signature="testDeleteUser()[pri:5, instance:com.api.test.UserTests@3e58a80e]" started-at="2025-04-13T00:24:07 IST" name="testDeleteUser" finished-at="2025-04-13T00:24:07 IST" duration-ms="402" status="PASS">
          <reporter-output>
          </reporter-output>
        </test-method> <!-- testDeleteUser -->
      </class> <!-- com.api.test.UserTests -->
    </test> <!-- API_Test -->
  </suite> <!-- API_Suite -->
</testng-results>
