<?xml version="1.0" encoding="UTF-8"?>
<testsuite xmlns:xsi="http://www.w3.org/2001/XMLSchema-instance" xsi:noNamespaceSchemaLocation="https://maven.apache.org/surefire/maven-surefire-plugin/xsd/surefire-test-report.xsd" version="3.0.2" name="TestSuite" time="9.189" tests="5" errors="0" skipped="0" failures="0">
  <properties>
[...]
</properties>
  <testcase name="testCreateUser" classname="com.api.test.UserTests" time="4.131">
    <system-out><![CDATA[On Start method invoked....
Name of test method started:testCreateUser
HTTP/1.1 201 Created
Date: Sat, 12 Apr 2025 18:54:05 GMT
Content-Type: application/json; charset=utf-8
Content-Length: 111
Connection: keep-alive
Report-To: {"group":"heroku-nel","max_age":3600,"endpoints":[{"url":"https://nel.heroku.com/reports?ts=1744484045&sid=c4c9725f-1ab0-44d8-820f-430df2718e11&s=TKBprViyhY0kGNdF%2Fxc3GQJ8jwxe4DlsYHchG56cRkg%3D"}]}
Reporting-Endpoints: heroku-nel=https://nel.heroku.com/reports?ts=1744484045&sid=c4c9725f-1ab0-44d8-820f-430df2718e11&s=TKBprViyhY0kGNdF%2Fxc3GQJ8jwxe4DlsYHchG56cRkg%3D
Nel: {"report_to":"heroku-nel","max_age":3600,"success_fraction":0.005,"failure_fraction":0.05,"response_headers":["Via"]}
X-Powered-By: Express
Access-Control-Allow-Origin: *
Etag: W/"6f-q0tJQIbpv08bcPNtVOEradHakr0"
Via: 1.1 vegur
cf-cache-status: DYNAMIC
Server: cloudflare
CF-RAY: 92f4ee252a864043-BOM
server-timing: cfL4;desc="?proto=TCP&rtt=27391&min_rtt=23890&rtt_var=13721&sent=7&recv=7&lost=0&retrans=0&sent_bytes=3111&recv_bytes=858&delivery_rate=118178&cwnd=252&unsent_bytes=0&cid=0992802edde8c0ab&ts=639&x=0"

{
    "user_name": "Johnie Hand",
    "user_job": "Technology Architect",
    "id": "611",
    "createdAt": "2025-04-12T18:54:05.838Z"
}
Name of test method sucessfully executed:testCreateUser
]]></system-out>
    <system-err><![CDATA[SLF4J: Failed to load class "org.slf4j.impl.StaticLoggerBinder".
SLF4J: Defaulting to no-operation (NOP) logger implementation
SLF4J: See http://www.slf4j.org/codes.html#StaticLoggerBinder for further details.
]]></system-err>
  </testcase>
  <testcase name="testGetUser" classname="com.api.test.UserTests" time="0.218">
    <system-out><![CDATA[Name of test method started:testGetUser
HTTP/1.1 200 OK
Date: Sat, 12 Apr 2025 18:54:06 GMT
Content-Type: application/json; charset=utf-8
Transfer-Encoding: chunked
Connection: keep-alive
Report-To: {"group":"heroku-nel","max_age":3600,"endpoints":[{"url":"https://nel.heroku.com/reports?ts=1743579950&sid=c4c9725f-1ab0-44d8-820f-430df2718e11&s=YJb4kZVC6tSRAj4MnGqUdNg9VFNNqbYaSbFNc8lxM2w%3D"}]}
Reporting-Endpoints: heroku-nel=https://nel.heroku.com/reports?ts=1743579950&sid=c4c9725f-1ab0-44d8-820f-430df2718e11&s=YJb4kZVC6tSRAj4MnGqUdNg9VFNNqbYaSbFNc8lxM2w%3D
Nel: {"report_to":"heroku-nel","max_age":3600,"success_fraction":0.005,"failure_fraction":0.05,"response_headers":["Via"]}
X-Powered-By: Express
Access-Control-Allow-Origin: *
Etag: W/"440-ZjsmMKR8P3usr2uJZbOCGCxC3Uw"
Via: 1.1 vegur
Cache-Control: max-age=14400
CF-Cache-Status: HIT
Age: 3971
Vary: Accept-Encoding
Server: cloudflare
CF-RAY: 92f4ee29cffe4808-BOM
Content-Encoding: gzip
server-timing: cfL4;desc="?proto=TCP&rtt=24234&min_rtt=23946&rtt_var=9557&sent=5&recv=6&lost=0&retrans=0&sent_bytes=3111&recv_bytes=751&delivery_rate=161334&cwnd=252&unsent_bytes=0&cid=993c63b7046634d8&ts=56&x=0"

{
    "page": 2,
    "per_page": 6,
    "total": 12,
    "total_pages": 2,
    "data": [
        {
            "id": 7,
            "email": "michael.lawson@reqres.in",
            "first_name": "Michael",
            "last_name": "Lawson",
            "avatar": "https://reqres.in/img/faces/7-image.jpg"
        },
        {
            "id": 8,
            "email": "lindsay.ferguson@reqres.in",
            "first_name": "Lindsay",
            "last_name": "Ferguson",
            "avatar": "https://reqres.in/img/faces/8-image.jpg"
        },
        {
            "id": 9,
            "email": "tobias.funke@reqres.in",
            "first_name": "Tobias",
            "last_name": "Funke",
            "avatar": "https://reqres.in/img/faces/9-image.jpg"
        },
        {
            "id": 10,
            "email": "byron.fields@reqres.in",
            "first_name": "Byron",
            "last_name": "Fields",
            "avatar": "https://reqres.in/img/faces/10-image.jpg"
        },
        {
            "id": 11,
            "email": "george.edwards@reqres.in",
            "first_name": "George",
            "last_name": "Edwards",
            "avatar": "https://reqres.in/img/faces/11-image.jpg"
        },
        {
            "id": 12,
            "email": "rachel.howell@reqres.in",
            "first_name": "Rachel",
            "last_name": "Howell",
            "avatar": "https://reqres.in/img/faces/12-image.jpg"
        }
    ],
    "support": {
        "url": "https://contentcaddy.io?utm_source=reqres&utm_medium=json&utm_campaign=referral",
        "text": "Tired of writing endless social media content? Let Content Caddy generate it for you."
    }
}
Name of test method sucessfully executed:testGetUser
]]></system-out>
  </testcase>
  <testcase name="testGetSingleUser" classname="com.api.test.UserTests" time="0.157">
    <system-out><![CDATA[Name of test method started:testGetSingleUser
HTTP/1.1 200 OK
Date: Sat, 12 Apr 2025 18:54:06 GMT
Content-Type: application/json; charset=utf-8
Transfer-Encoding: chunked
Connection: keep-alive
Report-To: {"group":"heroku-nel","max_age":3600,"endpoints":[{"url":"https://nel.heroku.com/reports?ts=1744450294&sid=c4c9725f-1ab0-44d8-820f-430df2718e11&s=vHoeHJ5ifQbfR2rOat0AoV1DGWGX39gVH91suF9Ur9I%3D"}]}
Reporting-Endpoints: heroku-nel=https://nel.heroku.com/reports?ts=1744450294&sid=c4c9725f-1ab0-44d8-820f-430df2718e11&s=vHoeHJ5ifQbfR2rOat0AoV1DGWGX39gVH91suF9Ur9I%3D
Nel: {"report_to":"heroku-nel","max_age":3600,"success_fraction":0.005,"failure_fraction":0.05,"response_headers":["Via"]}
X-Powered-By: Express
Access-Control-Allow-Origin: *
Etag: W/"152-ApQgGHL6RKwaebFlrPCYPBO1xHg"
Via: 1.1 vegur
Cache-Control: max-age=14400
CF-Cache-Status: HIT
Age: 4923
Vary: Accept-Encoding
Server: cloudflare
CF-RAY: 92f4ee2b09b046bf-BOM
Content-Encoding: gzip
server-timing: cfL4;desc="?proto=TCP&rtt=23095&min_rtt=22967&rtt_var=8869&sent=5&recv=6&lost=0&retrans=0&sent_bytes=3111&recv_bytes=746&delivery_rate=176551&cwnd=250&unsent_bytes=0&cid=00bde724844758d1&ts=51&x=0"

{
    "data": {
        "id": 2,
        "email": "janet.weaver@reqres.in",
        "first_name": "Janet",
        "last_name": "Weaver",
        "avatar": "https://reqres.in/img/faces/2-image.jpg"
    },
    "support": {
        "url": "https://contentcaddy.io?utm_source=reqres&utm_medium=json&utm_campaign=referral",
        "text": "Tired of writing endless social media content? Let Content Caddy generate it for you."
    }
}
Name of test method sucessfully executed:testGetSingleUser
]]></system-out>
  </testcase>
  <testcase name="testUpdateUser" classname="com.api.test.UserTests" time="0.384">
    <system-out><![CDATA[Name of test method started:testUpdateUser
Johnie Hand
HTTP/1.1 200 OK
Date: Sat, 12 Apr 2025 18:54:06 GMT
Content-Type: application/json; charset=utf-8
Transfer-Encoding: chunked
Connection: keep-alive
Report-To: {"group":"heroku-nel","max_age":3600,"endpoints":[{"url":"https://nel.heroku.com/reports?ts=1744484046&sid=c4c9725f-1ab0-44d8-820f-430df2718e11&s=Iw8SATsL1%2BjM6NzYiv35MsU9e5W0PJ17g6QcEqUPG%2Fk%3D"}]}
Reporting-Endpoints: heroku-nel=https://nel.heroku.com/reports?ts=1744484046&sid=c4c9725f-1ab0-44d8-820f-430df2718e11&s=Iw8SATsL1%2BjM6NzYiv35MsU9e5W0PJ17g6QcEqUPG%2Fk%3D
Nel: {"report_to":"heroku-nel","max_age":3600,"success_fraction":0.005,"failure_fraction":0.05,"response_headers":["Via"]}
X-Powered-By: Express
Access-Control-Allow-Origin: *
Etag: W/"6c-SeIF1VYmlaZyoovCgwHaopTGf0c"
Via: 1.1 vegur
CF-Cache-Status: DYNAMIC
Vary: Accept-Encoding
Server: cloudflare
CF-RAY: 92f4ee2be8733bc2-BOM
Content-Encoding: gzip
server-timing: cfL4;desc="?proto=TCP&rtt=23095&min_rtt=22925&rtt_var=8938&sent=5&recv=6&lost=0&retrans=0&sent_bytes=3111&recv_bytes=867&delivery_rate=174399&cwnd=250&unsent_bytes=0&cid=253dfad5006aae59&ts=302&x=0"

{
    "user_name": "Johnie Hand",
    "user_job": "Global Hospitality Associate",
    "updatedAt": "2025-04-12T18:54:06.910Z"
}
Name of test method sucessfully executed:testUpdateUser
]]></system-out>
  </testcase>
  <testcase name="testDeleteUser" classname="com.api.test.UserTests" time="0.393">
    <system-out><![CDATA[Name of test method started:testDeleteUser
HTTP/1.1 204 No Content
Date: Sat, 12 Apr 2025 18:54:07 GMT
Content-Length: 0
Connection: keep-alive
Report-To: {"group":"heroku-nel","max_age":3600,"endpoints":[{"url":"https://nel.heroku.com/reports?ts=1744484047&sid=c4c9725f-1ab0-44d8-820f-430df2718e11&s=qYEEDR2Xe%2BvlYT%2F3DSfNA%2F9GL0IY4nfq0BPp31QIgyc%3D"}]}
Reporting-Endpoints: heroku-nel=https://nel.heroku.com/reports?ts=1744484047&sid=c4c9725f-1ab0-44d8-820f-430df2718e11&s=qYEEDR2Xe%2BvlYT%2F3DSfNA%2F9GL0IY4nfq0BPp31QIgyc%3D
Nel: {"report_to":"heroku-nel","max_age":3600,"success_fraction":0.005,"failure_fraction":0.05,"response_headers":["Via"]}
X-Powered-By: Express
Access-Control-Allow-Origin: *
Etag: W/"2-vyGp6PvFo4RvsFtPoIWeCReyIC8"
Via: 1.1 vegur
cf-cache-status: DYNAMIC
Server: cloudflare
CF-RAY: 92f4ee2e6cf047f6-BOM
server-timing: cfL4;desc="?proto=TCP&rtt=29432&min_rtt=25397&rtt_var=12406&sent=5&recv=6&lost=0&retrans=0&sent_bytes=3112&recv_bytes=781&delivery_rate=166791&cwnd=236&unsent_bytes=0&cid=f47482aaacafee1b&ts=305&x=0"
Name of test method sucessfully executed:testDeleteUser
]]></system-out>
  </testcase>
</testsuite>