<?xml version="1.0" encoding="UTF-8"?>
<!-- Generated by org.testng.reporters.JUnitXMLReporter -->
<testsuite ignored="0" hostname="IN-5CG45268PT" failures="0" tests="10" name="API_Test" time="13.24" errors="0" timestamp="2025-04-14T14:50:48 IST">
  <testcase classname="com.api.test.UserTests" name="testGetUser" time="4.06"/>
  <testcase classname="com.api.test.UserTests" name="testGetSingleUser" time="0.178"/>
  <testcase classname="com.api.test.UserTests" name="testCreateUser" time="2.333"/>
  <testcase classname="com.api.test.UserTests" name="testUpdateUser" time="0.484"/>
  <testcase classname="com.api.test.UserTests" name="testDeleteUser" time="0.435"/>
  <testcase classname="com.api.test.UserTests" name="testRegisterSuccessful" time="0.46"/>
  <testcase classname="com.api.test.UserTests" name="testRegisterUnSuccessful" time="0.473"/>
  <testcase classname="com.api.test.UserTests" name="testLoginSuccessful" time="0.404"/>
  <testcase classname="com.api.test.UserTests" name="testLoginUnSuccessful" time="0.409"/>
  <testcase classname="com.api.test.UserTests" name="testDelayedResponse" time="2.374"/>
</testsuite> <!-- API_Test -->
