<?xml version="1.0" encoding="UTF-8"?>
<!-- Generated by org.testng.reporters.JUnitXMLReporter -->
<testsuite ignored="0" hostname="IN-5CG45268PT" failures="0" tests="5" name="API_Test" time="8.398" errors="0" timestamp="2025-04-12T23:55:08 IST">
  <testcase classname="com.api.test.UserTests" name="testCreateUser" time="4.539"/>
  <testcase classname="com.api.test.UserTests" name="testGetUser" time="0.279"/>
  <testcase classname="com.api.test.UserTests" name="testGetSingleUser" time="0.217"/>
  <testcase classname="com.api.test.UserTests" name="testUpdateUser" time="0.4"/>
  <testcase classname="com.api.test.UserTests" name="testDeleteUser" time="0.388"/>
</testsuite> <!-- API_Test -->
