<?xml version="1.0" encoding="UTF-8"?>
<testng-results ignored="0" total="10" passed="10" failed="0" skipped="0">
  <reporter-output>
  </reporter-output>
  <suite started-at="2025-04-14T14:50:34 IST" name="API_Suite" finished-at="2025-04-14T14:50:48 IST" duration-ms="13240">
    <groups>
    </groups>
    <test started-at="2025-04-14T14:50:34 IST" name="API_Test" finished-at="2025-04-14T14:50:48 IST" duration-ms="13240">
      <class name="com.api.test.UserTests">
        <test-method is-config="true" signature="setupData()[pri:0, instance:com.api.test.UserTests@36ebc363]" started-at="2025-04-14T14:50:35 IST" name="setupData" finished-at="2025-04-14T14:50:36 IST" duration-ms="873" status="PASS">
          <reporter-output>
          </reporter-output>
        </test-method> <!-- setupData -->
        <test-method signature="testGetUser()[pri:1, instance:com.api.test.UserTests@36ebc363]" started-at="2025-04-14T14:50:36 IST" name="testGetUser" finished-at="2025-04-14T14:50:40 IST" duration-ms="4060" status="PASS">
          <reporter-output>
          </reporter-output>
        </test-method> <!-- testGetUser -->
        <test-method signature="testGetSingleUser()[pri:2, instance:com.api.test.UserTests@36ebc363]" started-at="2025-04-14T14:50:40 IST" name="testGetSingleUser" finished-at="2025-04-14T14:50:40 IST" duration-ms="178" status="PASS">
          <reporter-output>
          </reporter-output>
        </test-method> <!-- testGetSingleUser -->
        <test-method signature="testCreateUser()[pri:3, instance:com.api.test.UserTests@36ebc363]" started-at="2025-04-14T14:50:40 IST" name="testCreateUser" finished-at="2025-04-14T14:50:43 IST" duration-ms="2333" status="PASS">
          <reporter-output>
          </reporter-output>
        </test-method> <!-- testCreateUser -->
        <test-method signature="testUpdateUser()[pri:4, instance:com.api.test.UserTests@36ebc363]" started-at="2025-04-14T14:50:43 IST" name="testUpdateUser" finished-at="2025-04-14T14:50:43 IST" duration-ms="484" status="PASS">
          <reporter-output>
          </reporter-output>
        </test-method> <!-- testUpdateUser -->
        <test-method signature="testDeleteUser()[pri:5, instance:com.api.test.UserTests@36ebc363]" started-at="2025-04-14T14:50:43 IST" name="testDeleteUser" finished-at="2025-04-14T14:50:43 IST" duration-ms="435" status="PASS">
          <reporter-output>
          </reporter-output>
        </test-method> <!-- testDeleteUser -->
        <test-method signature="testRegisterSuccessful()[pri:6, instance:com.api.test.UserTests@36ebc363]" started-at="2025-04-14T14:50:43 IST" name="testRegisterSuccessful" finished-at="2025-04-14T14:50:44 IST" duration-ms="460" status="PASS">
          <reporter-output>
          </reporter-output>
        </test-method> <!-- testRegisterSuccessful -->
        <test-method signature="testRegisterUnSuccessful()[pri:7, instance:com.api.test.UserTests@36ebc363]" started-at="2025-04-14T14:50:44 IST" name="testRegisterUnSuccessful" finished-at="2025-04-14T14:50:44 IST" duration-ms="473" status="PASS">
          <reporter-output>
          </reporter-output>
        </test-method> <!-- testRegisterUnSuccessful -->
        <test-method signature="testLoginSuccessful()[pri:8, instance:com.api.test.UserTests@36ebc363]" started-at="2025-04-14T14:50:44 IST" name="testLoginSuccessful" finished-at="2025-04-14T14:50:45 IST" duration-ms="404" status="PASS">
          <reporter-output>
          </reporter-output>
        </test-method> <!-- testLoginSuccessful -->
        <test-method signature="testLoginUnSuccessful()[pri:9, instance:com.api.test.UserTests@36ebc363]" started-at="2025-04-14T14:50:45 IST" name="testLoginUnSuccessful" finished-at="2025-04-14T14:50:45 IST" duration-ms="409" status="PASS">
          <reporter-output>
          </reporter-output>
        </test-method> <!-- testLoginUnSuccessful -->
        <test-method signature="testDelayedResponse()[pri:10, instance:com.api.test.UserTests@36ebc363]" started-at="2025-04-14T14:50:45 IST" name="testDelayedResponse" finished-at="2025-04-14T14:50:48 IST" duration-ms="2374" status="PASS">
          <reporter-output>
          </reporter-output>
        </test-method> <!-- testDelayedResponse -->
      </class> <!-- com.api.test.UserTests -->
    </test> <!-- API_Test -->
  </suite> <!-- API_Suite -->
</testng-results>
