<?xml version="1.0" encoding="UTF-8"?>
<!-- Generated by org.testng.reporters.JUnitReportReporter -->
<testsuite hostname="IN-5CG45268PT" failures="0" tests="10" name="com.api.test.User_bck_Tests" time="9.864" errors="0" timestamp="2025-04-14T11:47:53 IST" skipped="0">
  <testcase classname="com.api.test.User_bck_Tests" name="testGetUser" time="1.922"/>
  <system-out/>
  <testcase classname="com.api.test.User_bck_Tests" name="testGetSingleUser" time="0.180"/>
  <system-out/>
  <testcase classname="com.api.test.User_bck_Tests" name="testCreateUser" time="1.615"/>
  <system-out/>
  <testcase classname="com.api.test.User_bck_Tests" name="testUpdateUser" time="0.437"/>
  <system-out/>
  <testcase classname="com.api.test.User_bck_Tests" name="testDeleteUser" time="0.404"/>
  <system-out/>
  <testcase classname="com.api.test.User_bck_Tests" name="testRegisterSuccessful" time="0.442"/>
  <system-out/>
  <testcase classname="com.api.test.User_bck_Tests" name="testRegisterUnSuccessful" time="0.421"/>
  <system-out/>
  <testcase classname="com.api.test.User_bck_Tests" name="testLoginSuccessful" time="0.516"/>
  <system-out/>
  <testcase classname="com.api.test.User_bck_Tests" name="testLoginUnSuccessful" time="0.460"/>
  <system-out/>
  <testcase classname="com.api.test.User_bck_Tests" name="testDelayedResponse" time="3.467"/>
  <system-out/>
</testsuite> <!-- com.api.test.User_bck_Tests -->
