<?xml version="1.0" encoding="UTF-8"?>
<!-- Generated by org.testng.reporters.JUnitReportReporter -->
<testsuite hostname="IN-5CG45268PT" failures="0" tests="10" name="com.api.test.UserTests" time="11.610" errors="0" timestamp="2025-04-14T14:50:49 IST" skipped="0">
  <testcase classname="com.api.test.UserTests" name="testGetUser" time="4.060"/>
  <system-out/>
  <testcase classname="com.api.test.UserTests" name="testGetSingleUser" time="0.178"/>
  <system-out/>
  <testcase classname="com.api.test.UserTests" name="testCreateUser" time="2.333"/>
  <system-out/>
  <testcase classname="com.api.test.UserTests" name="testUpdateUser" time="0.484"/>
  <system-out/>
  <testcase classname="com.api.test.UserTests" name="testDeleteUser" time="0.435"/>
  <system-out/>
  <testcase classname="com.api.test.UserTests" name="testRegisterSuccessful" time="0.460"/>
  <system-out/>
  <testcase classname="com.api.test.UserTests" name="testRegisterUnSuccessful" time="0.473"/>
  <system-out/>
  <testcase classname="com.api.test.UserTests" name="testLoginSuccessful" time="0.404"/>
  <system-out/>
  <testcase classname="com.api.test.UserTests" name="testLoginUnSuccessful" time="0.409"/>
  <system-out/>
  <testcase classname="com.api.test.UserTests" name="testDelayedResponse" time="2.374"/>
  <system-out/>
</testsuite> <!-- com.api.test.UserTests -->
