<?xml version="1.0" encoding="UTF-8"?>
<!-- Generated by org.testng.reporters.JUnitReportReporter -->
<testsuite hostname="IN-5CG45268PT" failures="0" tests="5" name="com.api.test.UserTests" time="5.823" errors="0" timestamp="2025-04-12T23:55:08 IST" skipped="0">
  <testcase classname="com.api.test.UserTests" name="testCreateUser" time="4.539"/>
  <system-out/>
  <testcase classname="com.api.test.UserTests" name="testGetUser" time="0.279"/>
  <system-out/>
  <testcase classname="com.api.test.UserTests" name="testGetSingleUser" time="0.217"/>
  <system-out/>
  <testcase classname="com.api.test.UserTests" name="testUpdateUser" time="0.400"/>
  <system-out/>
  <testcase classname="com.api.test.UserTests" name="testDeleteUser" time="0.388"/>
  <system-out/>
</testsuite> <!-- com.api.test.UserTests -->
