<?xml version="1.0" encoding="UTF-8"?>
<!-- Generated by org.testng.reporters.JUnitReportReporter -->
<testsuite hostname="IN-5CG45268PT" failures="0" tests="5" name="com.api.test.UserTests" time="5.353" errors="0" timestamp="2025-04-13T00:24:08 IST" skipped="0">
  <testcase classname="com.api.test.UserTests" name="testCreateUser" time="4.113"/>
  <system-out/>
  <testcase classname="com.api.test.UserTests" name="testGetUser" time="0.276"/>
  <system-out/>
  <testcase classname="com.api.test.UserTests" name="testGetSingleUser" time="0.169"/>
  <system-out/>
  <testcase classname="com.api.test.UserTests" name="testUpdateUser" time="0.393"/>
  <system-out/>
  <testcase classname="com.api.test.UserTests" name="testDeleteUser" time="0.402"/>
  <system-out/>
</testsuite> <!-- com.api.test.UserTests -->
